Seq	Host	Starttime	JobRuntime	Send	Receive	Exitval	Signal	Command
1	:	1671204371.564	     1.794	0	226	0	0	/home/wistaria/build/exact/ising/free_energy/square_finite 4 2.857142857142857
2	:	1671204371.625	     1.788	0	226	0	0	/home/wistaria/build/exact/ising/free_energy/square_finite 4 2.8169014084507045
3	:	1671204371.678	     1.796	0	226	0	0	/home/wistaria/build/exact/ising/free_energy/square_finite 4 2.7777777777777777
4	:	1671204371.745	     1.802	0	226	0	0	/home/wistaria/build/exact/ising/free_energy/square_finite 4 2.73972602739726
5	:	1671204371.809	     1.799	0	226	0	0	/home/wistaria/build/exact/ising/free_energy/square_finite 4 2.7027027027027026
6	:	1671204371.877	     1.814	0	226	0	0	/home/wistaria/build/exact/ising/free_energy/square_finite 4 2.6666666666666665
7	:	1671204371.937	     1.839	0	226	0	0	/home/wistaria/build/exact/ising/free_energy/square_finite 4 2.6315789473684212
8	:	1671204371.997	     1.851	0	226	0	0	/home/wistaria/build/exact/ising/free_energy/square_finite 4 2.5974025974025974
9	:	1671204372.052	     1.862	0	226	0	0	/home/wistaria/build/exact/ising/free_energy/square_finite 4 2.564102564102564
10	:	1671204372.124	     1.866	0	226	0	0	/home/wistaria/build/exact/ising/free_energy/square_finite 4 2.531645569620253
11	:	1671204372.185	     1.871	0	226	0	0	/home/wistaria/build/exact/ising/free_energy/square_finite 4 2.5
12	:	1671204372.255	     1.866	0	226	0	0	/home/wistaria/build/exact/ising/free_energy/square_finite 4 2.4691358024691357
13	:	1671204372.310	     1.893	0	226	0	0	/home/wistaria/build/exact/ising/free_energy/square_finite 4 2.4390243902439024
14	:	1671204372.370	     1.911	0	226	0	0	/home/wistaria/build/exact/ising/free_energy/square_finite 4 2.4096385542168677
15	:	1671204372.428	     1.924	0	226	0	0	/home/wistaria/build/exact/ising/free_energy/square_finite 4 2.380952380952381
16	:	1671204372.478	     1.950	0	226	0	0	/home/wistaria/build/exact/ising/free_energy/square_finite 4 2.3529411764705883
17	:	1671204372.527	     1.973	0	226	0	0	/home/wistaria/build/exact/ising/free_energy/square_finite 4 2.3255813953488373
18	:	1671204372.593	     1.980	0	226	0	0	/home/wistaria/build/exact/ising/free_energy/square_finite 4 2.2988505747126435
19	:	1671204372.665	     1.973	0	226	0	0	/home/wistaria/build/exact/ising/free_energy/square_finite 4 2.272727272727273
20	:	1671204372.715	     2.009	0	226	0	0	/home/wistaria/build/exact/ising/free_energy/square_finite 4 2.247191011235955
21	:	1671204372.775	     2.015	0	226	0	0	/home/wistaria/build/exact/ising/free_energy/square_finite 4 2.2222222222222223
22	:	1671204372.855	     2.004	0	226	0	0	/home/wistaria/build/exact/ising/free_energy/square_finite 4 2.1978021978021975
23	:	1671204372.907	     2.036	0	226	0	0	/home/wistaria/build/exact/ising/free_energy/square_finite 4 2.1739130434782608
24	:	1671204372.950	     2.059	0	226	0	0	/home/wistaria/build/exact/ising/free_energy/square_finite 4 2.150537634408602
25	:	1671204372.998	     2.084	0	226	0	0	/home/wistaria/build/exact/ising/free_energy/square_finite 4 2.127659574468085
26	:	1671204373.044	     2.116	0	226	0	0	/home/wistaria/build/exact/ising/free_energy/square_finite 4 2.1052631578947367
27	:	1671204373.095	     2.137	0	226	0	0	/home/wistaria/build/exact/ising/free_energy/square_finite 4 2.0833333333333335
28	:	1671204373.154	     2.154	0	226	0	0	/home/wistaria/build/exact/ising/free_energy/square_finite 4 2.061855670103093
29	:	1671204373.208	     2.184	0	226	0	0	/home/wistaria/build/exact/ising/free_energy/square_finite 4 2.0408163265306123
30	:	1671204373.254	     2.223	0	226	0	0	/home/wistaria/build/exact/ising/free_energy/square_finite 4 2.0202020202020203
31	:	1671204373.302	     2.259	0	226	0	0	/home/wistaria/build/exact/ising/free_energy/square_finite 4 2.0
32	:	1671204373.358	     2.292	0	226	0	0	/home/wistaria/build/exact/ising/free_energy/square_finite 4 1.9801980198019802
33	:	1671204373.412	     2.315	0	226	0	0	/home/wistaria/build/exact/ising/free_energy/square_finite 4 1.9607843137254901
34	:	1671204373.475	     2.328	0	226	0	0	/home/wistaria/build/exact/ising/free_energy/square_finite 4 1.941747572815534
35	:	1671204373.547	     2.328	0	226	0	0	/home/wistaria/build/exact/ising/free_energy/square_finite 4 1.923076923076923
36	:	1671204373.607	     2.335	0	226	0	0	/home/wistaria/build/exact/ising/free_energy/square_finite 4 1.9047619047619047
37	:	1671204373.691	     2.322	0	226	0	0	/home/wistaria/build/exact/ising/free_energy/square_finite 4 1.8867924528301885
38	:	1671204373.776	     2.315	0	226	0	0	/home/wistaria/build/exact/ising/free_energy/square_finite 4 1.8691588785046729
39	:	1671204373.848	     2.322	0	226	0	0	/home/wistaria/build/exact/ising/free_energy/square_finite 4 1.8518518518518516
40	:	1671204373.914	     2.328	0	226	0	0	/home/wistaria/build/exact/ising/free_energy/square_finite 4 1.8348623853211008
41	:	1671204373.990	     2.325	0	226	0	0	/home/wistaria/build/exact/ising/free_energy/square_finite 4 1.8181818181818181
42	:	1671204374.056	     2.329	0	226	0	0	/home/wistaria/build/exact/ising/free_energy/square_finite 4 1.8018018018018016
43	:	1671204374.122	     2.331	0	226	0	0	/home/wistaria/build/exact/ising/free_energy/square_finite 4 1.7857142857142856
44	:	1671204374.203	     2.325	0	226	0	0	/home/wistaria/build/exact/ising/free_energy/square_finite 4 1.7699115044247788
45	:	1671204374.281	     2.326	0	226	0	0	/home/wistaria/build/exact/ising/free_energy/square_finite 4 1.7543859649122808
46	:	1671204374.352	     2.328	0	226	0	0	/home/wistaria/build/exact/ising/free_energy/square_finite 4 1.7391304347826089
47	:	1671204374.428	     2.335	0	226	0	0	/home/wistaria/build/exact/ising/free_energy/square_finite 4 1.7241379310344829
48	:	1671204374.500	     2.342	0	226	0	0	/home/wistaria/build/exact/ising/free_energy/square_finite 4 1.7094017094017095
49	:	1671204374.572	     2.354	0	226	0	0	/home/wistaria/build/exact/ising/free_energy/square_finite 4 1.6949152542372883
50	:	1671204374.639	     2.363	0	226	0	0	/home/wistaria/build/exact/ising/free_energy/square_finite 4 1.680672268907563
51	:	1671204374.724	     2.349	0	226	0	0	/home/wistaria/build/exact/ising/free_energy/square_finite 4 1.6666666666666667
52	:	1671204374.790	     2.344	0	226	0	0	/home/wistaria/build/exact/ising/free_energy/square_finite 4 1.6528925619834711
53	:	1671204374.859	     2.341	0	226	0	0	/home/wistaria/build/exact/ising/free_energy/square_finite 4 1.639344262295082
54	:	1671204374.943	     2.335	0	226	0	0	/home/wistaria/build/exact/ising/free_energy/square_finite 4 1.6260162601626016
55	:	1671204375.009	     2.350	0	226	0	0	/home/wistaria/build/exact/ising/free_energy/square_finite 4 1.6129032258064517
56	:	1671204375.081	     2.360	0	226	0	0	/home/wistaria/build/exact/ising/free_energy/square_finite 4 1.6
57	:	1671204375.159	     2.346	0	226	0	0	/home/wistaria/build/exact/ising/free_energy/square_finite 4 1.5873015873015872
58	:	1671204375.231	     2.340	0	226	0	0	/home/wistaria/build/exact/ising/free_energy/square_finite 4 1.574803149606299
59	:	1671204375.308	     2.346	0	226	0	0	/home/wistaria/build/exact/ising/free_energy/square_finite 4 1.5625
60	:	1671204375.392	     2.342	0	226	0	0	/home/wistaria/build/exact/ising/free_energy/square_finite 4 1.5503875968992247
61	:	1671204375.476	     2.424	0	226	0	0	/home/wistaria/build/exact/ising/free_energy/square_finite 4 1.5384615384615383
62	:	1671204375.560	     2.433	0	226	0	0	/home/wistaria/build/exact/ising/free_energy/square_finite 4 1.5267175572519083
63	:	1671204375.650	     2.414	0	226	0	0	/home/wistaria/build/exact/ising/free_energy/square_finite 4 1.5151515151515151
64	:	1671204375.728	     2.404	0	226	0	0	/home/wistaria/build/exact/ising/free_energy/square_finite 4 1.5037593984962405
65	:	1671204375.803	     2.403	0	226	0	0	/home/wistaria/build/exact/ising/free_energy/square_finite 4 1.4925373134328357
66	:	1671204375.875	     2.407	0	226	0	0	/home/wistaria/build/exact/ising/free_energy/square_finite 4 1.4814814814814814
67	:	1671204375.942	     2.416	0	226	0	0	/home/wistaria/build/exact/ising/free_energy/square_finite 4 1.4705882352941175
68	:	1671204376.013	     2.430	0	226	0	0	/home/wistaria/build/exact/ising/free_energy/square_finite 4 1.4598540145985401
69	:	1671204376.091	     2.411	0	226	0	0	/home/wistaria/build/exact/ising/free_energy/square_finite 4 1.4492753623188408
70	:	1671204376.170	     2.421	0	226	0	0	/home/wistaria/build/exact/ising/free_energy/square_finite 4 1.4388489208633095
71	:	1671204376.242	     2.428	0	226	0	0	/home/wistaria/build/exact/ising/free_energy/square_finite 4 1.4285714285714286
72	:	1671204376.314	     2.422	0	226	0	0	/home/wistaria/build/exact/ising/free_energy/square_finite 4 1.4184397163120568
73	:	1671204376.385	     2.411	0	226	0	0	/home/wistaria/build/exact/ising/free_energy/square_finite 4 1.4084507042253522
74	:	1671204376.452	     2.417	0	226	0	0	/home/wistaria/build/exact/ising/free_energy/square_finite 4 1.3986013986013988
75	:	1671204376.529	     2.427	0	226	0	0	/home/wistaria/build/exact/ising/free_energy/square_finite 4 1.3888888888888888
76	:	1671204376.606	     2.453	0	226	0	0	/home/wistaria/build/exact/ising/free_energy/square_finite 4 1.3793103448275863
77	:	1671204376.679	     2.459	0	226	0	0	/home/wistaria/build/exact/ising/free_energy/square_finite 4 1.36986301369863
78	:	1671204376.762	     2.439	0	226	0	0	/home/wistaria/build/exact/ising/free_energy/square_finite 4 1.3605442176870748
79	:	1671204376.842	     2.447	0	226	0	0	/home/wistaria/build/exact/ising/free_energy/square_finite 4 1.3513513513513513
80	:	1671204376.926	     2.438	0	226	0	0	/home/wistaria/build/exact/ising/free_energy/square_finite 4 1.342281879194631
81	:	1671204377.001	     2.424	0	226	0	0	/home/wistaria/build/exact/ising/free_energy/square_finite 4 1.3333333333333333
82	:	1671204377.074	     2.420	0	226	0	0	/home/wistaria/build/exact/ising/free_energy/square_finite 4 1.3245033112582782
83	:	1671204377.134	     2.424	0	226	0	0	/home/wistaria/build/exact/ising/free_energy/square_finite 4 1.3157894736842106
84	:	1671204377.200	     2.428	0	226	0	0	/home/wistaria/build/exact/ising/free_energy/square_finite 4 1.3071895424836601
85	:	1671204377.277	     2.417	0	226	0	0	/home/wistaria/build/exact/ising/free_energy/square_finite 4 1.2987012987012987
86	:	1671204377.360	     2.395	0	226	0	0	/home/wistaria/build/exact/ising/free_energy/square_finite 4 1.2903225806451613
87	:	1671204377.442	     2.381	0	226	0	0	/home/wistaria/build/exact/ising/free_energy/square_finite 4 1.282051282051282
88	:	1671204377.505	     2.395	0	226	0	0	/home/wistaria/build/exact/ising/free_energy/square_finite 4 1.2738853503184713
89	:	1671204377.571	     2.403	0	226	0	0	/home/wistaria/build/exact/ising/free_energy/square_finite 4 1.2658227848101264
90	:	1671204377.654	     2.398	0	226	0	0	/home/wistaria/build/exact/ising/free_energy/square_finite 4 1.2578616352201257
91	:	1671204377.733	     2.386	0	226	0	0	/home/wistaria/build/exact/ising/free_energy/square_finite 4 1.25
92	:	1671204377.900	     2.309	0	226	0	0	/home/wistaria/build/exact/ising/free_energy/square_finite 4 1.2422360248447204
93	:	1671204377.992	     2.294	0	226	0	0	/home/wistaria/build/exact/ising/free_energy/square_finite 4 1.2345679012345678
94	:	1671204378.064	     2.301	0	226	0	0	/home/wistaria/build/exact/ising/free_energy/square_finite 4 1.2269938650306749
95	:	1671204378.132	     2.311	0	226	0	0	/home/wistaria/build/exact/ising/free_energy/square_finite 4 1.2195121951219512
96	:	1671204378.205	     2.310	0	226	0	0	/home/wistaria/build/exact/ising/free_energy/square_finite 4 1.2121212121212122
97	:	1671204378.283	     2.302	0	226	0	0	/home/wistaria/build/exact/ising/free_energy/square_finite 4 1.2048192771084338
98	:	1671204378.357	     2.293	0	226	0	0	/home/wistaria/build/exact/ising/free_energy/square_finite 4 1.1976047904191618
99	:	1671204378.443	     2.281	0	226	0	0	/home/wistaria/build/exact/ising/free_energy/square_finite 4 1.1904761904761905
100	:	1671204378.503	     2.305	0	226	0	0	/home/wistaria/build/exact/ising/free_energy/square_finite 4 1.183431952662722
101	:	1671204378.591	     2.296	0	226	0	0	/home/wistaria/build/exact/ising/free_energy/square_finite 4 1.1764705882352942
102	:	1671204378.670	     2.286	0	226	0	0	/home/wistaria/build/exact/ising/free_energy/square_finite 4 1.1695906432748537
103	:	1671204378.736	     2.279	0	226	0	0	/home/wistaria/build/exact/ising/free_energy/square_finite 4 1.1627906976744187
104	:	1671204378.796	     2.299	0	226	0	0	/home/wistaria/build/exact/ising/free_energy/square_finite 4 1.1560693641618498
105	:	1671204378.868	     2.296	0	226	0	0	/home/wistaria/build/exact/ising/free_energy/square_finite 4 1.1494252873563218
106	:	1671204378.955	     2.285	0	226	0	0	/home/wistaria/build/exact/ising/free_energy/square_finite 4 1.1428571428571428
107	:	1671204379.060	     2.246	0	226	0	0	/home/wistaria/build/exact/ising/free_energy/square_finite 4 1.1363636363636365
108	:	1671204379.137	     2.251	0	226	0	0	/home/wistaria/build/exact/ising/free_energy/square_finite 4 1.1299435028248588
109	:	1671204379.202	     2.267	0	226	0	0	/home/wistaria/build/exact/ising/free_energy/square_finite 4 1.1235955056179776
110	:	1671204379.288	     2.252	0	226	0	0	/home/wistaria/build/exact/ising/free_energy/square_finite 4 1.1173184357541899
111	:	1671204379.365	     2.257	0	226	0	0	/home/wistaria/build/exact/ising/free_energy/square_finite 4 1.1111111111111112
112	:	1671204379.425	     2.271	0	226	0	0	/home/wistaria/build/exact/ising/free_energy/square_finite 4 1.1049723756906078
113	:	1671204379.493	     2.286	0	226	0	0	/home/wistaria/build/exact/ising/free_energy/square_finite 4 1.0989010989010988
114	:	1671204379.559	     2.292	0	226	0	0	/home/wistaria/build/exact/ising/free_energy/square_finite 4 1.0928961748633879
115	:	1671204379.628	     2.292	0	226	0	0	/home/wistaria/build/exact/ising/free_energy/square_finite 4 1.0869565217391304
116	:	1671204379.694	     2.292	0	226	0	0	/home/wistaria/build/exact/ising/free_energy/square_finite 4 1.081081081081081
117	:	1671204379.754	     2.305	0	226	0	0	/home/wistaria/build/exact/ising/free_energy/square_finite 4 1.075268817204301
118	:	1671204379.824	     2.301	0	226	0	0	/home/wistaria/build/exact/ising/free_energy/square_finite 4 1.06951871657754
119	:	1671204379.901	     2.300	0	226	0	0	/home/wistaria/build/exact/ising/free_energy/square_finite 4 1.0638297872340425
120	:	1671204379.974	     2.312	0	226	0	0	/home/wistaria/build/exact/ising/free_energy/square_finite 4 1.0582010582010584
121	:	1671204380.051	     2.313	0	226	0	0	/home/wistaria/build/exact/ising/free_energy/square_finite 4 1.0526315789473684
122	:	1671204380.119	     2.318	0	226	0	0	/home/wistaria/build/exact/ising/free_energy/square_finite 4 1.0471204188481675
123	:	1671204380.208	     2.312	0	226	0	0	/home/wistaria/build/exact/ising/free_energy/square_finite 4 1.0416666666666667
124	:	1671204380.286	     2.299	0	226	0	0	/home/wistaria/build/exact/ising/free_energy/square_finite 4 1.0362694300518136
125	:	1671204380.364	     2.299	0	226	0	0	/home/wistaria/build/exact/ising/free_energy/square_finite 4 1.0309278350515465
126	:	1671204380.442	     2.305	0	226	0	0	/home/wistaria/build/exact/ising/free_energy/square_finite 4 1.0256410256410258
127	:	1671204380.514	     2.299	0	226	0	0	/home/wistaria/build/exact/ising/free_energy/square_finite 4 1.0204081632653061
128	:	1671204380.586	     2.312	0	226	0	0	/home/wistaria/build/exact/ising/free_energy/square_finite 4 1.015228426395939
129	:	1671204380.650	     2.334	0	226	0	0	/home/wistaria/build/exact/ising/free_energy/square_finite 4 1.0101010101010102
130	:	1671204380.724	     2.328	0	226	0	0	/home/wistaria/build/exact/ising/free_energy/square_finite 4 1.0050251256281406
131	:	1671204380.808	     2.304	0	226	0	0	/home/wistaria/build/exact/ising/free_energy/square_finite 4 1.0
132	:	1671204380.886	     2.299	0	226	0	0	/home/wistaria/build/exact/ising/free_energy/square_finite 8 2.857142857142857
133	:	1671204380.955	     2.300	0	226	0	0	/home/wistaria/build/exact/ising/free_energy/square_finite 8 2.8169014084507045
134	:	1671204381.015	     2.305	0	226	0	0	/home/wistaria/build/exact/ising/free_energy/square_finite 8 2.7777777777777777
135	:	1671204381.095	     2.286	0	226	0	0	/home/wistaria/build/exact/ising/free_energy/square_finite 8 2.73972602739726
136	:	1671204381.165	     2.288	0	226	0	0	/home/wistaria/build/exact/ising/free_energy/square_finite 8 2.7027027027027026
137	:	1671204381.239	     2.290	0	226	0	0	/home/wistaria/build/exact/ising/free_energy/square_finite 8 2.6666666666666665
138	:	1671204381.305	     2.305	0	226	0	0	/home/wistaria/build/exact/ising/free_energy/square_finite 8 2.6315789473684212
139	:	1671204381.388	     2.299	0	226	0	0	/home/wistaria/build/exact/ising/free_energy/square_finite 8 2.5974025974025974
140	:	1671204381.468	     2.299	0	226	0	0	/home/wistaria/build/exact/ising/free_energy/square_finite 8 2.564102564102564
141	:	1671204381.540	     2.308	0	226	0	0	/home/wistaria/build/exact/ising/free_energy/square_finite 8 2.531645569620253
142	:	1671204381.623	     2.303	0	226	0	0	/home/wistaria/build/exact/ising/free_energy/square_finite 8 2.5
143	:	1671204381.695	     2.345	0	226	0	0	/home/wistaria/build/exact/ising/free_energy/square_finite 8 2.4691358024691357
144	:	1671204381.779	     2.339	0	226	0	0	/home/wistaria/build/exact/ising/free_energy/square_finite 8 2.4390243902439024
145	:	1671204381.851	     2.365	0	226	0	0	/home/wistaria/build/exact/ising/free_energy/square_finite 8 2.4096385542168677
146	:	1671204381.920	     2.363	0	226	0	0	/home/wistaria/build/exact/ising/free_energy/square_finite 8 2.380952380952381
147	:	1671204381.986	     2.366	0	226	0	0	/home/wistaria/build/exact/ising/free_energy/square_finite 8 2.3529411764705883
148	:	1671204382.059	     2.378	0	226	0	0	/home/wistaria/build/exact/ising/free_energy/square_finite 8 2.3255813953488373
149	:	1671204382.124	     2.381	0	226	0	0	/home/wistaria/build/exact/ising/free_energy/square_finite 8 2.2988505747126435
150	:	1671204382.202	     2.371	0	226	0	0	/home/wistaria/build/exact/ising/free_energy/square_finite 8 2.272727272727273
151	:	1671204382.286	     2.365	0	226	0	0	/home/wistaria/build/exact/ising/free_energy/square_finite 8 2.247191011235955
152	:	1671204382.364	     2.359	0	226	0	0	/home/wistaria/build/exact/ising/free_energy/square_finite 8 2.2222222222222223
153	:	1671204382.436	     2.354	0	226	0	0	/home/wistaria/build/exact/ising/free_energy/square_finite 8 2.1978021978021975
154	:	1671204382.520	     2.470	0	226	0	0	/home/wistaria/build/exact/ising/free_energy/square_finite 8 2.1739130434782608
155	:	1671204382.586	     2.592	0	226	0	0	/home/wistaria/build/exact/ising/free_energy/square_finite 8 2.150537634408602
156	:	1671204382.664	     2.589	0	226	0	0	/home/wistaria/build/exact/ising/free_energy/square_finite 8 2.127659574468085
157	:	1671204382.748	     2.577	0	226	0	0	/home/wistaria/build/exact/ising/free_energy/square_finite 8 2.1052631578947367
158	:	1671204382.814	     2.585	0	226	0	0	/home/wistaria/build/exact/ising/free_energy/square_finite 8 2.0833333333333335
159	:	1671204382.898	     2.578	0	226	0	0	/home/wistaria/build/exact/ising/free_energy/square_finite 8 2.061855670103093
160	:	1671204382.984	     2.569	0	226	0	0	/home/wistaria/build/exact/ising/free_energy/square_finite 8 2.0408163265306123
161	:	1671204383.052	     2.572	0	226	0	0	/home/wistaria/build/exact/ising/free_energy/square_finite 8 2.0202020202020203
162	:	1671204383.112	     2.592	0	226	0	0	/home/wistaria/build/exact/ising/free_energy/square_finite 8 2.0
163	:	1671204383.184	     2.586	0	226	0	0	/home/wistaria/build/exact/ising/free_energy/square_finite 8 1.9801980198019802
164	:	1671204383.255	     2.589	0	226	0	0	/home/wistaria/build/exact/ising/free_energy/square_finite 8 1.9607843137254901
165	:	1671204383.320	     2.604	0	226	0	0	/home/wistaria/build/exact/ising/free_energy/square_finite 8 1.941747572815534
166	:	1671204383.381	     2.622	0	226	0	0	/home/wistaria/build/exact/ising/free_energy/square_finite 8 1.923076923076923
167	:	1671204383.452	     2.624	0	226	0	0	/home/wistaria/build/exact/ising/free_energy/square_finite 8 1.9047619047619047
168	:	1671204383.529	     2.624	0	226	0	0	/home/wistaria/build/exact/ising/free_energy/square_finite 8 1.8867924528301885
169	:	1671204383.610	     2.632	0	226	0	0	/home/wistaria/build/exact/ising/free_energy/square_finite 8 1.8691588785046729
170	:	1671204383.688	     2.615	0	226	0	0	/home/wistaria/build/exact/ising/free_energy/square_finite 8 1.8518518518518516
171	:	1671204383.766	     2.614	0	226	0	0	/home/wistaria/build/exact/ising/free_energy/square_finite 8 1.8348623853211008
172	:	1671204383.848	     2.611	0	226	0	0	/home/wistaria/build/exact/ising/free_energy/square_finite 8 1.8181818181818181
173	:	1671204383.926	     2.638	0	226	0	0	/home/wistaria/build/exact/ising/free_energy/square_finite 8 1.8018018018018016
174	:	1671204384.040	     2.595	0	226	0	0	/home/wistaria/build/exact/ising/free_energy/square_finite 8 1.7857142857142856
175	:	1671204384.118	     2.583	0	226	0	0	/home/wistaria/build/exact/ising/free_energy/square_finite 8 1.7699115044247788
176	:	1671204384.215	     2.568	0	226	0	0	/home/wistaria/build/exact/ising/free_energy/square_finite 8 1.7543859649122808
177	:	1671204384.283	     2.576	0	226	0	0	/home/wistaria/build/exact/ising/free_energy/square_finite 8 1.7391304347826089
178	:	1671204384.352	     2.582	0	226	0	0	/home/wistaria/build/exact/ising/free_energy/square_finite 8 1.7241379310344829
179	:	1671204384.436	     2.565	0	226	0	0	/home/wistaria/build/exact/ising/free_energy/square_finite 8 1.7094017094017095
180	:	1671204384.505	     2.558	0	226	0	0	/home/wistaria/build/exact/ising/free_energy/square_finite 8 1.6949152542372883
181	:	1671204384.573	     2.562	0	226	0	0	/home/wistaria/build/exact/ising/free_energy/square_finite 8 1.680672268907563
182	:	1671204384.651	     2.558	0	226	0	0	/home/wistaria/build/exact/ising/free_energy/square_finite 8 1.6666666666666667
183	:	1671204384.723	     2.552	0	226	0	0	/home/wistaria/build/exact/ising/free_energy/square_finite 8 1.6528925619834711
184	:	1671204384.790	     2.558	0	226	0	0	/home/wistaria/build/exact/ising/free_energy/square_finite 8 1.639344262295082
185	:	1671204384.990	     2.427	0	226	0	0	/home/wistaria/build/exact/ising/free_energy/square_finite 8 1.6260162601626016
186	:	1671204385.178	     2.312	0	226	0	0	/home/wistaria/build/exact/ising/free_energy/square_finite 8 1.6129032258064517
187	:	1671204385.253	     2.313	0	226	0	0	/home/wistaria/build/exact/ising/free_energy/square_finite 8 1.6
188	:	1671204385.325	     2.317	0	226	0	0	/home/wistaria/build/exact/ising/free_energy/square_finite 8 1.5873015873015872
189	:	1671204385.398	     2.437	0	226	0	0	/home/wistaria/build/exact/ising/free_energy/square_finite 8 1.574803149606299
190	:	1671204385.476	     2.450	0	226	0	0	/home/wistaria/build/exact/ising/free_energy/square_finite 8 1.5625
191	:	1671204385.552	     2.450	0	226	0	0	/home/wistaria/build/exact/ising/free_energy/square_finite 8 1.5503875968992247
192	:	1671204385.624	     2.448	0	226	0	0	/home/wistaria/build/exact/ising/free_energy/square_finite 8 1.5384615384615383
193	:	1671204385.705	     2.458	0	226	0	0	/home/wistaria/build/exact/ising/free_energy/square_finite 8 1.5267175572519083
194	:	1671204385.770	     2.470	0	226	0	0	/home/wistaria/build/exact/ising/free_energy/square_finite 8 1.5151515151515151
195	:	1671204385.845	     2.473	0	226	0	0	/home/wistaria/build/exact/ising/free_energy/square_finite 8 1.5037593984962405
196	:	1671204385.923	     2.469	0	226	0	0	/home/wistaria/build/exact/ising/free_energy/square_finite 8 1.4925373134328357
197	:	1671204386.004	     2.490	0	226	0	0	/home/wistaria/build/exact/ising/free_energy/square_finite 8 1.4814814814814814
198	:	1671204386.076	     2.490	0	226	0	0	/home/wistaria/build/exact/ising/free_energy/square_finite 8 1.4705882352941175
199	:	1671204386.153	     2.484	0	226	0	0	/home/wistaria/build/exact/ising/free_energy/square_finite 8 1.4598540145985401
200	:	1671204386.242	     2.467	0	226	0	0	/home/wistaria/build/exact/ising/free_energy/square_finite 8 1.4492753623188408
201	:	1671204386.303	     2.483	0	226	0	0	/home/wistaria/build/exact/ising/free_energy/square_finite 8 1.4388489208633095
202	:	1671204386.380	     2.478	0	226	0	0	/home/wistaria/build/exact/ising/free_energy/square_finite 8 1.4285714285714286
203	:	1671204386.459	     2.477	0	226	0	0	/home/wistaria/build/exact/ising/free_energy/square_finite 8 1.4184397163120568
204	:	1671204386.564	     2.439	0	226	0	0	/home/wistaria/build/exact/ising/free_energy/square_finite 8 1.4084507042253522
205	:	1671204386.636	     2.434	0	226	0	0	/home/wistaria/build/exact/ising/free_energy/square_finite 8 1.3986013986013988
206	:	1671204386.701	     2.453	0	226	0	0	/home/wistaria/build/exact/ising/free_energy/square_finite 8 1.3888888888888888
207	:	1671204386.782	     2.450	0	226	0	0	/home/wistaria/build/exact/ising/free_energy/square_finite 8 1.3793103448275863
208	:	1671204386.860	     2.478	0	226	0	0	/home/wistaria/build/exact/ising/free_energy/square_finite 8 1.36986301369863
209	:	1671204386.935	     2.483	0	226	0	0	/home/wistaria/build/exact/ising/free_energy/square_finite 8 1.3605442176870748
210	:	1671204387.001	     2.483	0	226	0	0	/home/wistaria/build/exact/ising/free_energy/square_finite 8 1.3513513513513513
211	:	1671204387.063	     2.519	0	226	0	0	/home/wistaria/build/exact/ising/free_energy/square_finite 8 1.342281879194631
212	:	1671204387.135	     2.525	0	226	0	0	/home/wistaria/build/exact/ising/free_energy/square_finite 8 1.3333333333333333
213	:	1671204387.209	     2.617	0	226	0	0	/home/wistaria/build/exact/ising/free_energy/square_finite 8 1.3245033112582782
214	:	1671204387.274	     2.614	0	226	0	0	/home/wistaria/build/exact/ising/free_energy/square_finite 8 1.3157894736842106
215	:	1671204387.347	     2.626	0	226	0	0	/home/wistaria/build/exact/ising/free_energy/square_finite 8 1.3071895424836601
216	:	1671204387.417	     2.619	0	226	0	0	/home/wistaria/build/exact/ising/free_energy/square_finite 8 1.2987012987012987
217	:	1671204387.489	     2.612	0	226	0	0	/home/wistaria/build/exact/ising/free_energy/square_finite 8 1.2903225806451613
218	:	1671204387.567	     2.616	0	226	0	0	/home/wistaria/build/exact/ising/free_energy/square_finite 8 1.282051282051282
219	:	1671204387.643	     2.606	0	226	0	0	/home/wistaria/build/exact/ising/free_energy/square_finite 8 1.2738853503184713
220	:	1671204387.836	     2.493	0	226	0	0	/home/wistaria/build/exact/ising/free_energy/square_finite 8 1.2658227848101264
221	:	1671204387.925	     2.482	0	226	0	0	/home/wistaria/build/exact/ising/free_energy/square_finite 8 1.2578616352201257
222	:	1671204388.003	     2.477	0	226	0	0	/home/wistaria/build/exact/ising/free_energy/square_finite 8 1.25
223	:	1671204388.072	     2.493	0	226	0	0	/home/wistaria/build/exact/ising/free_energy/square_finite 8 1.2422360248447204
224	:	1671204388.163	     2.483	0	226	0	0	/home/wistaria/build/exact/ising/free_energy/square_finite 8 1.2345679012345678
225	:	1671204388.241	     2.498	0	226	0	0	/home/wistaria/build/exact/ising/free_energy/square_finite 8 1.2269938650306749
226	:	1671204388.319	     2.497	0	226	0	0	/home/wistaria/build/exact/ising/free_energy/square_finite 8 1.2195121951219512
227	:	1671204388.392	     2.521	0	226	0	0	/home/wistaria/build/exact/ising/free_energy/square_finite 8 1.2121212121212122
228	:	1671204388.494	     2.482	0	226	0	0	/home/wistaria/build/exact/ising/free_energy/square_finite 8 1.2048192771084338
229	:	1671204388.565	     2.483	0	226	0	0	/home/wistaria/build/exact/ising/free_energy/square_finite 8 1.1976047904191618
230	:	1671204388.637	     2.476	0	226	0	0	/home/wistaria/build/exact/ising/free_energy/square_finite 8 1.1904761904761905
231	:	1671204388.709	     2.472	0	226	0	0	/home/wistaria/build/exact/ising/free_energy/square_finite 8 1.183431952662722
232	:	1671204388.786	     2.484	0	226	0	0	/home/wistaria/build/exact/ising/free_energy/square_finite 8 1.1764705882352942
233	:	1671204388.859	     2.485	0	226	0	0	/home/wistaria/build/exact/ising/free_energy/square_finite 8 1.1695906432748537
234	:	1671204388.937	     2.480	0	226	0	0	/home/wistaria/build/exact/ising/free_energy/square_finite 8 1.1627906976744187
235	:	1671204389.003	     2.486	0	226	0	0	/home/wistaria/build/exact/ising/free_energy/square_finite 8 1.1560693641618498
236	:	1671204389.069	     2.480	0	226	0	0	/home/wistaria/build/exact/ising/free_energy/square_finite 8 1.1494252873563218
237	:	1671204389.155	     2.470	0	226	0	0	/home/wistaria/build/exact/ising/free_energy/square_finite 8 1.1428571428571428
238	:	1671204389.233	     2.467	0	226	0	0	/home/wistaria/build/exact/ising/free_energy/square_finite 8 1.1363636363636365
239	:	1671204389.337	     2.427	0	226	0	0	/home/wistaria/build/exact/ising/free_energy/square_finite 8 1.1299435028248588
240	:	1671204389.418	     2.423	0	226	0	0	/home/wistaria/build/exact/ising/free_energy/square_finite 8 1.1235955056179776
241	:	1671204389.484	     2.423	0	226	0	0	/home/wistaria/build/exact/ising/free_energy/square_finite 8 1.1173184357541899
242	:	1671204389.581	     2.393	0	226	0	0	/home/wistaria/build/exact/ising/free_energy/square_finite 8 1.1111111111111112
243	:	1671204389.659	     2.394	0	226	0	0	/home/wistaria/build/exact/ising/free_energy/square_finite 8 1.1049723756906078
244	:	1671204389.827	     2.298	0	226	0	0	/home/wistaria/build/exact/ising/free_energy/square_finite 8 1.0989010989010988
245	:	1671204389.887	     2.329	0	226	0	0	/home/wistaria/build/exact/ising/free_energy/square_finite 8 1.0928961748633879
246	:	1671204389.972	     2.323	0	226	0	0	/home/wistaria/build/exact/ising/free_energy/square_finite 8 1.0869565217391304
247	:	1671204390.036	     2.331	0	226	0	0	/home/wistaria/build/exact/ising/free_energy/square_finite 8 1.081081081081081
248	:	1671204390.102	     2.361	0	226	0	0	/home/wistaria/build/exact/ising/free_energy/square_finite 8 1.075268817204301
249	:	1671204390.182	     2.350	0	226	0	0	/home/wistaria/build/exact/ising/free_energy/square_finite 8 1.06951871657754
250	:	1671204390.249	     2.358	0	226	0	0	/home/wistaria/build/exact/ising/free_energy/square_finite 8 1.0638297872340425
251	:	1671204390.329	     2.355	0	226	0	0	/home/wistaria/build/exact/ising/free_energy/square_finite 8 1.0582010582010584
252	:	1671204390.406	     2.356	0	226	0	0	/home/wistaria/build/exact/ising/free_energy/square_finite 8 1.0526315789473684
253	:	1671204390.481	     2.347	0	226	0	0	/home/wistaria/build/exact/ising/free_energy/square_finite 8 1.0471204188481675
254	:	1671204390.565	     2.346	0	226	0	0	/home/wistaria/build/exact/ising/free_energy/square_finite 8 1.0416666666666667
255	:	1671204390.646	     2.325	0	226	0	0	/home/wistaria/build/exact/ising/free_energy/square_finite 8 1.0362694300518136
256	:	1671204390.738	     2.311	0	226	0	0	/home/wistaria/build/exact/ising/free_energy/square_finite 8 1.0309278350515465
257	:	1671204390.816	     2.309	0	226	0	0	/home/wistaria/build/exact/ising/free_energy/square_finite 8 1.0256410256410258
258	:	1671204390.912	     2.279	0	226	0	0	/home/wistaria/build/exact/ising/free_energy/square_finite 8 1.0204081632653061
259	:	1671204390.975	     2.292	0	226	0	0	/home/wistaria/build/exact/ising/free_energy/square_finite 8 1.015228426395939
260	:	1671204391.047	     2.288	0	226	0	0	/home/wistaria/build/exact/ising/free_energy/square_finite 8 1.0101010101010102
261	:	1671204391.113	     2.288	0	226	0	0	/home/wistaria/build/exact/ising/free_energy/square_finite 8 1.0050251256281406
262	:	1671204391.181	     2.302	0	226	0	0	/home/wistaria/build/exact/ising/free_energy/square_finite 8 1.0
263	:	1671204391.270	     2.293	0	228	0	0	/home/wistaria/build/exact/ising/free_energy/square_finite 16 2.857142857142857
264	:	1671204391.343	     2.292	0	228	0	0	/home/wistaria/build/exact/ising/free_energy/square_finite 16 2.8169014084507045
265	:	1671204391.416	     2.289	0	228	0	0	/home/wistaria/build/exact/ising/free_energy/square_finite 16 2.7777777777777777
266	:	1671204391.488	     2.279	0	228	0	0	/home/wistaria/build/exact/ising/free_energy/square_finite 16 2.73972602739726
267	:	1671204391.548	     2.294	0	228	0	0	/home/wistaria/build/exact/ising/free_energy/square_finite 16 2.7027027027027026
268	:	1671204391.624	     2.281	0	228	0	0	/home/wistaria/build/exact/ising/free_energy/square_finite 16 2.6666666666666665
269	:	1671204391.699	     2.279	0	228	0	0	/home/wistaria/build/exact/ising/free_energy/square_finite 16 2.6315789473684212
270	:	1671204391.764	     2.282	0	228	0	0	/home/wistaria/build/exact/ising/free_energy/square_finite 16 2.5974025974025974
271	:	1671204391.840	     2.284	0	228	0	0	/home/wistaria/build/exact/ising/free_energy/square_finite 16 2.564102564102564
272	:	1671204391.906	     2.311	0	228	0	0	/home/wistaria/build/exact/ising/free_energy/square_finite 16 2.531645569620253
273	:	1671204391.975	     2.320	0	228	0	0	/home/wistaria/build/exact/ising/free_energy/square_finite 16 2.5
274	:	1671204392.053	     2.302	0	228	0	0	/home/wistaria/build/exact/ising/free_energy/square_finite 16 2.4691358024691357
275	:	1671204392.125	     2.302	0	228	0	0	/home/wistaria/build/exact/ising/free_energy/square_finite 16 2.4390243902439024
276	:	1671204392.217	     2.292	0	228	0	0	/home/wistaria/build/exact/ising/free_energy/square_finite 16 2.4096385542168677
277	:	1671204392.294	     2.282	0	228	0	0	/home/wistaria/build/exact/ising/free_energy/square_finite 16 2.380952380952381
278	:	1671204392.366	     2.281	0	228	0	0	/home/wistaria/build/exact/ising/free_energy/square_finite 16 2.3529411764705883
279	:	1671204392.463	     2.256	0	228	0	0	/home/wistaria/build/exact/ising/free_energy/square_finite 16 2.3255813953488373
280	:	1671204392.532	     2.258	0	228	0	0	/home/wistaria/build/exact/ising/free_energy/square_finite 16 2.2988505747126435
281	:	1671204392.606	     2.251	0	228	0	0	/home/wistaria/build/exact/ising/free_energy/square_finite 16 2.272727272727273
282	:	1671204392.684	     2.239	0	228	0	0	/home/wistaria/build/exact/ising/free_energy/square_finite 16 2.247191011235955
283	:	1671204392.761	     2.222	0	228	0	0	/home/wistaria/build/exact/ising/free_energy/square_finite 16 2.2222222222222223
284	:	1671204392.827	     2.240	0	228	0	0	/home/wistaria/build/exact/ising/free_energy/square_finite 16 2.1978021978021975
285	:	1671204392.911	     2.226	0	228	0	0	/home/wistaria/build/exact/ising/free_energy/square_finite 16 2.1739130434782608
286	:	1671204392.971	     2.256	0	228	0	0	/home/wistaria/build/exact/ising/free_energy/square_finite 16 2.150537634408602
287	:	1671204393.049	     2.250	0	228	0	0	/home/wistaria/build/exact/ising/free_energy/square_finite 16 2.127659574468085
288	:	1671204393.125	     2.256	0	228	0	0	/home/wistaria/build/exact/ising/free_energy/square_finite 16 2.1052631578947367
289	:	1671204393.191	     2.259	0	228	0	0	/home/wistaria/build/exact/ising/free_energy/square_finite 16 2.0833333333333335
290	:	1671204393.268	     2.255	0	228	0	0	/home/wistaria/build/exact/ising/free_energy/square_finite 16 2.061855670103093
291	:	1671204393.334	     2.270	0	228	0	0	/home/wistaria/build/exact/ising/free_energy/square_finite 16 2.0408163265306123
292	:	1671204393.400	     2.288	0	228	0	0	/home/wistaria/build/exact/ising/free_energy/square_finite 16 2.0202020202020203
293	:	1671204393.483	     2.289	0	228	0	0	/home/wistaria/build/exact/ising/free_energy/square_finite 16 2.0
294	:	1671204393.564	     2.275	0	228	0	0	/home/wistaria/build/exact/ising/free_energy/square_finite 16 1.9801980198019802
295	:	1671204393.635	     2.280	0	228	0	0	/home/wistaria/build/exact/ising/free_energy/square_finite 16 1.9607843137254901
296	:	1671204393.704	     2.293	0	228	0	0	/home/wistaria/build/exact/ising/free_energy/square_finite 16 1.941747572815534
297	:	1671204393.767	     2.296	0	228	0	0	/home/wistaria/build/exact/ising/free_energy/square_finite 16 1.923076923076923
298	:	1671204393.842	     2.299	0	228	0	0	/home/wistaria/build/exact/ising/free_energy/square_finite 16 1.9047619047619047
299	:	1671204393.905	     2.299	0	228	0	0	/home/wistaria/build/exact/ising/free_energy/square_finite 16 1.8867924528301885
300	:	1671204393.978	     2.310	0	228	0	0	/home/wistaria/build/exact/ising/free_energy/square_finite 16 1.8691588785046729
301	:	1671204394.046	     2.309	0	228	0	0	/home/wistaria/build/exact/ising/free_energy/square_finite 16 1.8518518518518516
302	:	1671204394.124	     2.307	0	228	0	0	/home/wistaria/build/exact/ising/free_energy/square_finite 16 1.8348623853211008
303	:	1671204394.217	     2.305	0	228	0	0	/home/wistaria/build/exact/ising/free_energy/square_finite 16 1.8181818181818181
304	:	1671204394.295	     2.299	0	228	0	0	/home/wistaria/build/exact/ising/free_energy/square_finite 16 1.8018018018018016
305	:	1671204394.355	     2.302	0	228	0	0	/home/wistaria/build/exact/ising/free_energy/square_finite 16 1.7857142857142856
306	:	1671204394.426	     2.311	0	228	0	0	/home/wistaria/build/exact/ising/free_energy/square_finite 16 1.7699115044247788
307	:	1671204394.509	     2.312	0	228	0	0	/home/wistaria/build/exact/ising/free_energy/square_finite 16 1.7543859649122808
308	:	1671204394.575	     2.329	0	228	0	0	/home/wistaria/build/exact/ising/free_energy/square_finite 16 1.7391304347826089
309	:	1671204394.647	     2.323	0	228	0	0	/home/wistaria/build/exact/ising/free_energy/square_finite 16 1.7241379310344829
310	:	1671204394.719	     2.332	0	228	0	0	/home/wistaria/build/exact/ising/free_energy/square_finite 16 1.7094017094017095
311	:	1671204394.790	     2.337	0	228	0	0	/home/wistaria/build/exact/ising/free_energy/square_finite 16 1.6949152542372883
312	:	1671204394.856	     2.348	0	228	0	0	/home/wistaria/build/exact/ising/free_energy/square_finite 16 1.680672268907563
313	:	1671204394.922	     2.351	0	228	0	0	/home/wistaria/build/exact/ising/free_energy/square_finite 16 1.6666666666666667
314	:	1671204394.982	     2.367	0	228	0	0	/home/wistaria/build/exact/ising/free_energy/square_finite 16 1.6528925619834711
315	:	1671204395.066	     2.357	0	228	0	0	/home/wistaria/build/exact/ising/free_energy/square_finite 16 1.639344262295082
316	:	1671204395.137	     2.363	0	228	0	0	/home/wistaria/build/exact/ising/free_energy/square_finite 16 1.6260162601626016
317	:	1671204395.227	     2.348	0	228	0	0	/home/wistaria/build/exact/ising/free_energy/square_finite 16 1.6129032258064517
318	:	1671204395.299	     2.345	0	228	0	0	/home/wistaria/build/exact/ising/free_energy/square_finite 16 1.6
319	:	1671204395.380	     2.340	0	228	0	0	/home/wistaria/build/exact/ising/free_energy/square_finite 16 1.5873015873015872
320	:	1671204395.450	     2.340	0	228	0	0	/home/wistaria/build/exact/ising/free_energy/square_finite 16 1.574803149606299
321	:	1671204395.522	     2.335	0	228	0	0	/home/wistaria/build/exact/ising/free_energy/square_finite 16 1.5625
322	:	1671204395.605	     2.322	0	228	0	0	/home/wistaria/build/exact/ising/free_energy/square_finite 16 1.5503875968992247
323	:	1671204395.688	     2.314	0	228	0	0	/home/wistaria/build/exact/ising/free_energy/square_finite 16 1.5384615384615383
324	:	1671204395.772	     2.309	0	228	0	0	/home/wistaria/build/exact/ising/free_energy/square_finite 16 1.5267175572519083
325	:	1671204395.838	     2.329	0	228	0	0	/home/wistaria/build/exact/ising/free_energy/square_finite 16 1.5151515151515151
326	:	1671204395.915	     2.322	0	228	0	0	/home/wistaria/build/exact/ising/free_energy/square_finite 16 1.5037593984962405
327	:	1671204395.998	     2.317	0	228	0	0	/home/wistaria/build/exact/ising/free_energy/square_finite 16 1.4925373134328357
328	:	1671204396.064	     2.354	0	228	0	0	/home/wistaria/build/exact/ising/free_energy/square_finite 16 1.4814814814814814
329	:	1671204396.140	     2.360	0	228	0	0	/home/wistaria/build/exact/ising/free_energy/square_finite 16 1.4705882352941175
330	:	1671204396.204	     2.371	0	228	0	0	/home/wistaria/build/exact/ising/free_energy/square_finite 16 1.4598540145985401
331	:	1671204396.288	     2.366	0	228	0	0	/home/wistaria/build/exact/ising/free_energy/square_finite 16 1.4492753623188408
332	:	1671204396.354	     2.385	0	228	0	0	/home/wistaria/build/exact/ising/free_energy/square_finite 16 1.4388489208633095
333	:	1671204396.432	     2.381	0	228	0	0	/home/wistaria/build/exact/ising/free_energy/square_finite 16 1.4285714285714286
334	:	1671204396.521	     2.365	0	228	0	0	/home/wistaria/build/exact/ising/free_energy/square_finite 16 1.4184397163120568
335	:	1671204396.593	     2.358	0	228	0	0	/home/wistaria/build/exact/ising/free_energy/square_finite 16 1.4084507042253522
336	:	1671204396.657	     2.362	0	228	0	0	/home/wistaria/build/exact/ising/free_energy/square_finite 16 1.3986013986013988
337	:	1671204396.737	     2.367	0	228	0	0	/home/wistaria/build/exact/ising/free_energy/square_finite 16 1.3888888888888888
338	:	1671204396.821	     2.345	0	228	0	0	/home/wistaria/build/exact/ising/free_energy/square_finite 16 1.3793103448275863
339	:	1671204396.905	     2.332	0	228	0	0	/home/wistaria/build/exact/ising/free_energy/square_finite 16 1.36986301369863
340	:	1671204396.971	     2.328	0	228	0	0	/home/wistaria/build/exact/ising/free_energy/square_finite 16 1.3605442176870748
341	:	1671204397.052	     2.309	0	228	0	0	/home/wistaria/build/exact/ising/free_energy/square_finite 16 1.3513513513513513
342	:	1671204397.126	     2.328	0	228	0	0	/home/wistaria/build/exact/ising/free_energy/square_finite 16 1.342281879194631
343	:	1671204397.204	     2.328	0	228	0	0	/home/wistaria/build/exact/ising/free_energy/square_finite 16 1.3333333333333333
344	:	1671204397.272	     2.347	0	228	0	0	/home/wistaria/build/exact/ising/free_energy/square_finite 16 1.3245033112582782
345	:	1671204397.349	     2.348	0	228	0	0	/home/wistaria/build/exact/ising/free_energy/square_finite 16 1.3157894736842106
346	:	1671204397.422	     2.367	0	228	0	0	/home/wistaria/build/exact/ising/free_energy/square_finite 16 1.3071895424836601
347	:	1671204397.501	     2.376	0	228	0	0	/home/wistaria/build/exact/ising/free_energy/square_finite 16 1.2987012987012987
348	:	1671204397.575	     2.373	0	228	0	0	/home/wistaria/build/exact/ising/free_energy/square_finite 16 1.2903225806451613
349	:	1671204397.645	     2.375	0	228	0	0	/home/wistaria/build/exact/ising/free_energy/square_finite 16 1.282051282051282
350	:	1671204397.721	     2.373	0	228	0	0	/home/wistaria/build/exact/ising/free_energy/square_finite 16 1.2738853503184713
351	:	1671204397.791	     2.382	0	228	0	0	/home/wistaria/build/exact/ising/free_energy/square_finite 16 1.2658227848101264
352	:	1671204397.856	     2.400	0	228	0	0	/home/wistaria/build/exact/ising/free_energy/square_finite 16 1.2578616352201257
353	:	1671204397.927	     2.398	0	228	0	0	/home/wistaria/build/exact/ising/free_energy/square_finite 16 1.25
354	:	1671204398.001	     2.411	0	228	0	0	/home/wistaria/build/exact/ising/free_energy/square_finite 16 1.2422360248447204
355	:	1671204398.080	     2.422	0	228	0	0	/home/wistaria/build/exact/ising/free_energy/square_finite 16 1.2345679012345678
356	:	1671204398.167	     2.407	0	228	0	0	/home/wistaria/build/exact/ising/free_energy/square_finite 16 1.2269938650306749
357	:	1671204398.236	     2.411	0	228	0	0	/home/wistaria/build/exact/ising/free_energy/square_finite 16 1.2195121951219512
358	:	1671204398.315	     2.427	0	228	0	0	/home/wistaria/build/exact/ising/free_energy/square_finite 16 1.2121212121212122
359	:	1671204398.417	     2.404	0	228	0	0	/home/wistaria/build/exact/ising/free_energy/square_finite 16 1.2048192771084338
360	:	1671204398.501	     2.407	0	228	0	0	/home/wistaria/build/exact/ising/free_energy/square_finite 16 1.1976047904191618
361	:	1671204398.574	     2.458	0	228	0	0	/home/wistaria/build/exact/ising/free_energy/square_finite 16 1.1904761904761905
362	:	1671204398.654	     2.463	0	228	0	0	/home/wistaria/build/exact/ising/free_energy/square_finite 16 1.183431952662722
363	:	1671204398.739	     2.468	0	228	0	0	/home/wistaria/build/exact/ising/free_energy/square_finite 16 1.1764705882352942
364	:	1671204398.813	     2.482	0	228	0	0	/home/wistaria/build/exact/ising/free_energy/square_finite 16 1.1695906432748537
365	:	1671204398.886	     2.481	0	228	0	0	/home/wistaria/build/exact/ising/free_energy/square_finite 16 1.1627906976744187
366	:	1671204398.951	     2.470	0	228	0	0	/home/wistaria/build/exact/ising/free_energy/square_finite 16 1.1560693641618498
367	:	1671204399.020	     2.460	0	228	0	0	/home/wistaria/build/exact/ising/free_energy/square_finite 16 1.1494252873563218
368	:	1671204399.104	     2.450	0	228	0	0	/home/wistaria/build/exact/ising/free_energy/square_finite 16 1.1428571428571428
369	:	1671204399.167	     2.471	0	228	0	0	/home/wistaria/build/exact/ising/free_energy/square_finite 16 1.1363636363636365
370	:	1671204399.236	     2.476	0	228	0	0	/home/wistaria/build/exact/ising/free_energy/square_finite 16 1.1299435028248588
371	:	1671204399.299	     2.487	0	228	0	0	/home/wistaria/build/exact/ising/free_energy/square_finite 16 1.1235955056179776
372	:	1671204399.361	     2.496	0	228	0	0	/home/wistaria/build/exact/ising/free_energy/square_finite 16 1.1173184357541899
373	:	1671204399.454	     2.470	0	228	0	0	/home/wistaria/build/exact/ising/free_energy/square_finite 16 1.1111111111111112
374	:	1671204399.531	     2.472	0	228	0	0	/home/wistaria/build/exact/ising/free_energy/square_finite 16 1.1049723756906078
375	:	1671204399.619	     2.486	0	228	0	0	/home/wistaria/build/exact/ising/free_energy/square_finite 16 1.0989010989010988
376	:	1671204399.696	     2.505	0	228	0	0	/home/wistaria/build/exact/ising/free_energy/square_finite 16 1.0928961748633879
377	:	1671204399.788	     2.490	0	228	0	0	/home/wistaria/build/exact/ising/free_energy/square_finite 16 1.0869565217391304
378	:	1671204399.876	     2.468	0	228	0	0	/home/wistaria/build/exact/ising/free_energy/square_finite 16 1.081081081081081
379	:	1671204399.949	     2.475	0	228	0	0	/home/wistaria/build/exact/ising/free_energy/square_finite 16 1.075268817204301
380	:	1671204400.021	     2.475	0	228	0	0	/home/wistaria/build/exact/ising/free_energy/square_finite 16 1.06951871657754
381	:	1671204400.094	     2.481	0	228	0	0	/home/wistaria/build/exact/ising/free_energy/square_finite 16 1.0638297872340425
382	:	1671204400.172	     2.481	0	228	0	0	/home/wistaria/build/exact/ising/free_energy/square_finite 16 1.0582010582010584
383	:	1671204400.255	     2.470	0	228	0	0	/home/wistaria/build/exact/ising/free_energy/square_finite 16 1.0526315789473684
384	:	1671204400.324	     2.475	0	228	0	0	/home/wistaria/build/exact/ising/free_energy/square_finite 16 1.0471204188481675
385	:	1671204400.412	     2.463	0	228	0	0	/home/wistaria/build/exact/ising/free_energy/square_finite 16 1.0416666666666667
386	:	1671204400.501	     2.444	0	228	0	0	/home/wistaria/build/exact/ising/free_energy/square_finite 16 1.0362694300518136
387	:	1671204400.574	     2.443	0	228	0	0	/home/wistaria/build/exact/ising/free_energy/square_finite 16 1.0309278350515465
388	:	1671204400.646	     2.449	0	228	0	0	/home/wistaria/build/exact/ising/free_energy/square_finite 16 1.0256410256410258
389	:	1671204400.742	     2.438	0	228	0	0	/home/wistaria/build/exact/ising/free_energy/square_finite 16 1.0204081632653061
390	:	1671204400.821	     2.431	0	228	0	0	/home/wistaria/build/exact/ising/free_energy/square_finite 16 1.015228426395939
391	:	1671204400.909	     2.442	0	228	0	0	/home/wistaria/build/exact/ising/free_energy/square_finite 16 1.0101010101010102
392	:	1671204401.032	     2.383	0	228	0	0	/home/wistaria/build/exact/ising/free_energy/square_finite 16 1.0050251256281406
393	:	1671204401.116	     2.373	0	228	0	0	/home/wistaria/build/exact/ising/free_energy/square_finite 16 1.0
394	:	1671204401.207	     2.381	0	228	0	0	/home/wistaria/build/exact/ising/free_energy/square_finite 32 2.857142857142857
395	:	1671204401.295	     2.360	0	228	0	0	/home/wistaria/build/exact/ising/free_energy/square_finite 32 2.8169014084507045
396	:	1671204401.366	     2.355	0	228	0	0	/home/wistaria/build/exact/ising/free_energy/square_finite 32 2.7777777777777777
397	:	1671204401.420	     2.360	0	228	0	0	/home/wistaria/build/exact/ising/free_energy/square_finite 32 2.73972602739726
398	:	1671204401.480	     2.394	0	228	0	0	/home/wistaria/build/exact/ising/free_energy/square_finite 32 2.7027027027027026
399	:	1671204401.555	     2.394	0	228	0	0	/home/wistaria/build/exact/ising/free_energy/square_finite 32 2.6666666666666665
400	:	1671204401.638	     2.394	0	228	0	0	/home/wistaria/build/exact/ising/free_energy/square_finite 32 2.6315789473684212
401	:	1671204401.713	     2.391	0	228	0	0	/home/wistaria/build/exact/ising/free_energy/square_finite 32 2.5974025974025974
402	:	1671204401.786	     2.400	0	228	0	0	/home/wistaria/build/exact/ising/free_energy/square_finite 32 2.564102564102564
403	:	1671204401.858	     2.394	0	228	0	0	/home/wistaria/build/exact/ising/free_energy/square_finite 32 2.531645569620253
404	:	1671204401.924	     2.395	0	228	0	0	/home/wistaria/build/exact/ising/free_energy/square_finite 32 2.5
405	:	1671204402.003	     2.378	0	228	0	0	/home/wistaria/build/exact/ising/free_energy/square_finite 32 2.4691358024691357
406	:	1671204402.106	     2.341	0	228	0	0	/home/wistaria/build/exact/ising/free_energy/square_finite 32 2.4390243902439024
407	:	1671204402.202	     2.320	0	228	0	0	/home/wistaria/build/exact/ising/free_energy/square_finite 32 2.4096385542168677
408	:	1671204402.277	     2.325	0	228	0	0	/home/wistaria/build/exact/ising/free_energy/square_finite 32 2.380952380952381
409	:	1671204402.343	     2.331	0	228	0	0	/home/wistaria/build/exact/ising/free_energy/square_finite 32 2.3529411764705883
410	:	1671204402.424	     2.339	0	228	0	0	/home/wistaria/build/exact/ising/free_energy/square_finite 32 2.3255813953488373
411	:	1671204402.496	     2.345	0	228	0	0	/home/wistaria/build/exact/ising/free_energy/square_finite 32 2.2988505747126435
412	:	1671204402.575	     2.345	0	228	0	0	/home/wistaria/build/exact/ising/free_energy/square_finite 32 2.272727272727273
413	:	1671204402.653	     2.343	0	228	0	0	/home/wistaria/build/exact/ising/free_energy/square_finite 32 2.247191011235955
414	:	1671204402.726	     2.340	0	228	0	0	/home/wistaria/build/exact/ising/free_energy/square_finite 32 2.2222222222222223
415	:	1671204402.798	     2.332	0	228	0	0	/home/wistaria/build/exact/ising/free_energy/square_finite 32 2.1978021978021975
416	:	1671204402.876	     2.331	0	228	0	0	/home/wistaria/build/exact/ising/free_energy/square_finite 32 2.1739130434782608
417	:	1671204402.945	     2.340	0	228	0	0	/home/wistaria/build/exact/ising/free_energy/square_finite 32 2.150537634408602
418	:	1671204403.016	     2.339	0	228	0	0	/home/wistaria/build/exact/ising/free_energy/square_finite 32 2.127659574468085
419	:	1671204403.094	     2.332	0	228	0	0	/home/wistaria/build/exact/ising/free_energy/square_finite 32 2.1052631578947367
420	:	1671204403.180	     2.319	0	228	0	0	/home/wistaria/build/exact/ising/free_energy/square_finite 32 2.0833333333333335
421	:	1671204403.252	     2.325	0	228	0	0	/home/wistaria/build/exact/ising/free_energy/square_finite 32 2.061855670103093
422	:	1671204403.350	     2.305	0	228	0	0	/home/wistaria/build/exact/ising/free_energy/square_finite 32 2.0408163265306123
423	:	1671204403.415	     2.325	0	228	0	0	/home/wistaria/build/exact/ising/free_energy/square_finite 32 2.0202020202020203
424	:	1671204403.488	     2.351	0	228	0	0	/home/wistaria/build/exact/ising/free_energy/square_finite 32 2.0
425	:	1671204403.587	     2.332	0	228	0	0	/home/wistaria/build/exact/ising/free_energy/square_finite 32 1.9801980198019802
426	:	1671204403.656	     2.341	0	228	0	0	/home/wistaria/build/exact/ising/free_energy/square_finite 32 1.9607843137254901
427	:	1671204403.721	     2.345	0	228	0	0	/home/wistaria/build/exact/ising/free_energy/square_finite 32 1.941747572815534
428	:	1671204403.780	     2.641	0	228	0	0	/home/wistaria/build/exact/ising/free_energy/square_finite 32 1.923076923076923
429	:	1671204403.873	     2.627	0	228	0	0	/home/wistaria/build/exact/ising/free_energy/square_finite 32 1.9047619047619047
430	:	1671204403.949	     2.626	0	228	0	0	/home/wistaria/build/exact/ising/free_energy/square_finite 32 1.8867924528301885
431	:	1671204404.033	     2.609	0	228	0	0	/home/wistaria/build/exact/ising/free_energy/square_finite 32 1.8691588785046729
432	:	1671204404.105	     2.598	0	228	0	0	/home/wistaria/build/exact/ising/free_energy/square_finite 32 1.8518518518518516
433	:	1671204404.186	     2.576	0	228	0	0	/home/wistaria/build/exact/ising/free_energy/square_finite 32 1.8348623853211008
434	:	1671204404.251	     2.575	0	228	0	0	/home/wistaria/build/exact/ising/free_energy/square_finite 32 1.8181818181818181
435	:	1671204404.319	     2.573	0	228	0	0	/home/wistaria/build/exact/ising/free_energy/square_finite 32 1.8018018018018016
436	:	1671204404.380	     2.590	0	228	0	0	/home/wistaria/build/exact/ising/free_energy/square_finite 32 1.7857142857142856
437	:	1671204404.446	     2.608	0	228	0	0	/home/wistaria/build/exact/ising/free_energy/square_finite 32 1.7699115044247788
438	:	1671204404.521	     2.608	0	228	0	0	/home/wistaria/build/exact/ising/free_energy/square_finite 32 1.7543859649122808
439	:	1671204404.602	     2.595	0	228	0	0	/home/wistaria/build/exact/ising/free_energy/square_finite 32 1.7391304347826089
440	:	1671204404.673	     2.608	0	228	0	0	/home/wistaria/build/exact/ising/free_energy/square_finite 32 1.7241379310344829
441	:	1671204404.763	     2.591	0	228	0	0	/home/wistaria/build/exact/ising/free_energy/square_finite 32 1.7094017094017095
442	:	1671204404.841	     2.586	0	228	0	0	/home/wistaria/build/exact/ising/free_energy/square_finite 32 1.6949152542372883
443	:	1671204404.919	     2.581	0	228	0	0	/home/wistaria/build/exact/ising/free_energy/square_finite 32 1.680672268907563
444	:	1671204404.997	     2.584	0	228	0	0	/home/wistaria/build/exact/ising/free_energy/square_finite 32 1.6666666666666667
445	:	1671204405.066	     2.591	0	228	0	0	/home/wistaria/build/exact/ising/free_energy/square_finite 32 1.6528925619834711
446	:	1671204405.129	     2.590	0	228	0	0	/home/wistaria/build/exact/ising/free_energy/square_finite 32 1.639344262295082
447	:	1671204405.207	     2.578	0	228	0	0	/home/wistaria/build/exact/ising/free_energy/square_finite 32 1.6260162601626016
448	:	1671204405.284	     2.575	0	228	0	0	/home/wistaria/build/exact/ising/free_energy/square_finite 32 1.6129032258064517
449	:	1671204405.355	     2.572	0	228	0	0	/home/wistaria/build/exact/ising/free_energy/square_finite 32 1.6
450	:	1671204405.426	     2.574	0	228	0	0	/home/wistaria/build/exact/ising/free_energy/square_finite 32 1.5873015873015872
451	:	1671204405.498	     2.584	0	228	0	0	/home/wistaria/build/exact/ising/free_energy/square_finite 32 1.574803149606299
452	:	1671204405.578	     2.575	0	228	0	0	/home/wistaria/build/exact/ising/free_energy/square_finite 32 1.5625
453	:	1671204405.656	     2.575	0	228	0	0	/home/wistaria/build/exact/ising/free_energy/square_finite 32 1.5503875968992247
454	:	1671204405.740	     2.578	0	228	0	0	/home/wistaria/build/exact/ising/free_energy/square_finite 32 1.5384615384615383
455	:	1671204405.839	     2.555	0	228	0	0	/home/wistaria/build/exact/ising/free_energy/square_finite 32 1.5267175572519083
456	:	1671204405.918	     2.542	0	228	0	0	/home/wistaria/build/exact/ising/free_energy/square_finite 32 1.5151515151515151
457	:	1671204405.996	     2.524	0	228	0	0	/home/wistaria/build/exact/ising/free_energy/square_finite 32 1.5037593984962405
458	:	1671204406.066	     2.526	0	228	0	0	/home/wistaria/build/exact/ising/free_energy/square_finite 32 1.4925373134328357
459	:	1671204406.420	     2.271	0	228	0	0	/home/wistaria/build/exact/ising/free_energy/square_finite 32 1.4814814814814814
460	:	1671204406.500	     2.266	0	228	0	0	/home/wistaria/build/exact/ising/free_energy/square_finite 32 1.4705882352941175
461	:	1671204406.575	     2.263	0	228	0	0	/home/wistaria/build/exact/ising/free_energy/square_finite 32 1.4598540145985401
462	:	1671204406.642	     2.275	0	228	0	0	/home/wistaria/build/exact/ising/free_energy/square_finite 32 1.4492753623188408
463	:	1671204406.702	     2.296	0	228	0	0	/home/wistaria/build/exact/ising/free_energy/square_finite 32 1.4388489208633095
464	:	1671204406.762	     2.304	0	228	0	0	/home/wistaria/build/exact/ising/free_energy/square_finite 32 1.4285714285714286
465	:	1671204406.826	     2.319	0	228	0	0	/home/wistaria/build/exact/ising/free_energy/square_finite 32 1.4184397163120568
466	:	1671204406.892	     2.332	0	228	0	0	/home/wistaria/build/exact/ising/free_energy/square_finite 32 1.4084507042253522
467	:	1671204406.970	     2.336	0	228	0	0	/home/wistaria/build/exact/ising/free_energy/square_finite 32 1.3986013986013988
468	:	1671204407.055	     2.352	0	228	0	0	/home/wistaria/build/exact/ising/free_energy/square_finite 32 1.3888888888888888
469	:	1671204407.128	     2.349	0	228	0	0	/home/wistaria/build/exact/ising/free_energy/square_finite 32 1.3793103448275863
470	:	1671204407.198	     2.348	0	228	0	0	/home/wistaria/build/exact/ising/free_energy/square_finite 32 1.36986301369863
471	:	1671204407.281	     2.331	0	228	0	0	/home/wistaria/build/exact/ising/free_energy/square_finite 32 1.3605442176870748
472	:	1671204407.353	     2.330	0	228	0	0	/home/wistaria/build/exact/ising/free_energy/square_finite 32 1.3513513513513513
473	:	1671204407.428	     2.325	0	228	0	0	/home/wistaria/build/exact/ising/free_energy/square_finite 32 1.342281879194631
474	:	1671204407.500	     2.325	0	228	0	0	/home/wistaria/build/exact/ising/free_energy/square_finite 32 1.3333333333333333
475	:	1671204407.581	     2.316	0	228	0	0	/home/wistaria/build/exact/ising/free_energy/square_finite 32 1.3245033112582782
476	:	1671204407.656	     2.320	0	228	0	0	/home/wistaria/build/exact/ising/free_energy/square_finite 32 1.3157894736842106
477	:	1671204407.718	     2.342	0	228	0	0	/home/wistaria/build/exact/ising/free_energy/square_finite 32 1.3071895424836601
478	:	1671204407.784	     2.355	0	228	0	0	/home/wistaria/build/exact/ising/free_energy/square_finite 32 1.2987012987012987
479	:	1671204407.858	     2.351	0	228	0	0	/home/wistaria/build/exact/ising/free_energy/square_finite 32 1.2903225806451613
480	:	1671204407.928	     2.361	0	228	0	0	/home/wistaria/build/exact/ising/free_energy/square_finite 32 1.282051282051282
481	:	1671204408.000	     2.367	0	228	0	0	/home/wistaria/build/exact/ising/free_energy/square_finite 32 1.2738853503184713
482	:	1671204408.081	     2.367	0	228	0	0	/home/wistaria/build/exact/ising/free_energy/square_finite 32 1.2658227848101264
483	:	1671204408.153	     2.355	0	228	0	0	/home/wistaria/build/exact/ising/free_energy/square_finite 32 1.2578616352201257
484	:	1671204408.231	     2.355	0	228	0	0	/home/wistaria/build/exact/ising/free_energy/square_finite 32 1.25
485	:	1671204408.317	     2.342	0	228	0	0	/home/wistaria/build/exact/ising/free_energy/square_finite 32 1.2422360248447204
486	:	1671204408.394	     2.338	0	228	0	0	/home/wistaria/build/exact/ising/free_energy/square_finite 32 1.2345679012345678
487	:	1671204408.461	     2.345	0	228	0	0	/home/wistaria/build/exact/ising/free_energy/square_finite 32 1.2269938650306749
488	:	1671204408.520	     2.360	0	228	0	0	/home/wistaria/build/exact/ising/free_energy/square_finite 32 1.2195121951219512
489	:	1671204408.592	     2.365	0	228	0	0	/home/wistaria/build/exact/ising/free_energy/square_finite 32 1.2121212121212122
490	:	1671204408.692	     2.327	0	228	0	0	/home/wistaria/build/exact/ising/free_energy/square_finite 32 1.2048192771084338
491	:	1671204408.766	     2.320	0	228	0	0	/home/wistaria/build/exact/ising/free_energy/square_finite 32 1.1976047904191618
492	:	1671204408.838	     2.323	0	228	0	0	/home/wistaria/build/exact/ising/free_energy/square_finite 32 1.1904761904761905
493	:	1671204408.917	     2.322	0	228	0	0	/home/wistaria/build/exact/ising/free_energy/square_finite 32 1.183431952662722
494	:	1671204408.997	     2.345	0	228	0	0	/home/wistaria/build/exact/ising/free_energy/square_finite 32 1.1764705882352942
495	:	1671204409.066	     2.335	0	228	0	0	/home/wistaria/build/exact/ising/free_energy/square_finite 32 1.1695906432748537
496	:	1671204409.144	     2.335	0	228	0	0	/home/wistaria/build/exact/ising/free_energy/square_finite 32 1.1627906976744187
497	:	1671204409.223	     2.355	0	228	0	0	/home/wistaria/build/exact/ising/free_energy/square_finite 32 1.1560693641618498
498	:	1671204409.307	     2.350	0	228	0	0	/home/wistaria/build/exact/ising/free_energy/square_finite 32 1.1494252873563218
499	:	1671204409.408	     2.309	0	228	0	0	/home/wistaria/build/exact/ising/free_energy/square_finite 32 1.1428571428571428
500	:	1671204409.478	     2.312	0	228	0	0	/home/wistaria/build/exact/ising/free_energy/square_finite 32 1.1363636363636365
501	:	1671204409.545	     2.325	0	228	0	0	/home/wistaria/build/exact/ising/free_energy/square_finite 32 1.1299435028248588
502	:	1671204409.611	     2.328	0	228	0	0	/home/wistaria/build/exact/ising/free_energy/square_finite 32 1.1235955056179776
503	:	1671204409.682	     2.338	0	228	0	0	/home/wistaria/build/exact/ising/free_energy/square_finite 32 1.1173184357541899
504	:	1671204409.754	     2.335	0	228	0	0	/home/wistaria/build/exact/ising/free_energy/square_finite 32 1.1111111111111112
505	:	1671204409.825	     2.325	0	228	0	0	/home/wistaria/build/exact/ising/free_energy/square_finite 32 1.1049723756906078
506	:	1671204409.897	     2.324	0	228	0	0	/home/wistaria/build/exact/ising/free_energy/square_finite 32 1.0989010989010988
507	:	1671204409.976	     2.335	0	228	0	0	/home/wistaria/build/exact/ising/free_energy/square_finite 32 1.0928961748633879
508	:	1671204410.059	     2.328	0	228	0	0	/home/wistaria/build/exact/ising/free_energy/square_finite 32 1.0869565217391304
509	:	1671204410.138	     2.329	0	228	0	0	/home/wistaria/build/exact/ising/free_energy/square_finite 32 1.081081081081081
510	:	1671204410.208	     2.321	0	228	0	0	/home/wistaria/build/exact/ising/free_energy/square_finite 32 1.075268817204301
511	:	1671204410.288	     2.315	0	228	0	0	/home/wistaria/build/exact/ising/free_energy/square_finite 32 1.06951871657754
512	:	1671204410.366	     2.315	0	228	0	0	/home/wistaria/build/exact/ising/free_energy/square_finite 32 1.0638297872340425
513	:	1671204410.448	     2.305	0	228	0	0	/home/wistaria/build/exact/ising/free_energy/square_finite 32 1.0582010582010584
514	:	1671204410.508	     2.323	0	228	0	0	/home/wistaria/build/exact/ising/free_energy/square_finite 32 1.0526315789473684
515	:	1671204410.587	     2.309	0	228	0	0	/home/wistaria/build/exact/ising/free_energy/square_finite 32 1.0471204188481675
516	:	1671204410.658	     2.292	0	228	0	0	/home/wistaria/build/exact/ising/free_energy/square_finite 32 1.0416666666666667
517	:	1671204410.732	     2.287	0	228	0	0	/home/wistaria/build/exact/ising/free_energy/square_finite 32 1.0362694300518136
518	:	1671204410.807	     2.284	0	228	0	0	/home/wistaria/build/exact/ising/free_energy/square_finite 32 1.0309278350515465
519	:	1671204410.880	     2.280	0	228	0	0	/home/wistaria/build/exact/ising/free_energy/square_finite 32 1.0256410256410258
520	:	1671204410.958	     2.275	0	228	0	0	/home/wistaria/build/exact/ising/free_energy/square_finite 32 1.0204081632653061
521	:	1671204411.018	     2.290	0	228	0	0	/home/wistaria/build/exact/ising/free_energy/square_finite 32 1.015228426395939
522	:	1671204411.086	     2.283	0	228	0	0	/home/wistaria/build/exact/ising/free_energy/square_finite 32 1.0101010101010102
523	:	1671204411.161	     2.299	0	228	0	0	/home/wistaria/build/exact/ising/free_energy/square_finite 32 1.0050251256281406
524	:	1671204411.238	     2.288	0	228	0	0	/home/wistaria/build/exact/ising/free_energy/square_finite 32 1.0
525	:	1671204411.342	     2.256	0	228	0	0	/home/wistaria/build/exact/ising/free_energy/square_finite 64 2.857142857142857
526	:	1671204411.401	     2.263	0	228	0	0	/home/wistaria/build/exact/ising/free_energy/square_finite 64 2.8169014084507045
527	:	1671204411.479	     2.274	0	228	0	0	/home/wistaria/build/exact/ising/free_energy/square_finite 64 2.7777777777777777
528	:	1671204411.579	     2.289	0	228	0	0	/home/wistaria/build/exact/ising/free_energy/square_finite 64 2.73972602739726
529	:	1671204411.657	     2.293	0	228	0	0	/home/wistaria/build/exact/ising/free_energy/square_finite 64 2.7027027027027026
530	:	1671204411.717	     2.323	0	228	0	0	/home/wistaria/build/exact/ising/free_energy/square_finite 64 2.6666666666666665
531	:	1671204411.789	     2.322	0	228	0	0	/home/wistaria/build/exact/ising/free_energy/square_finite 64 2.6315789473684212
532	:	1671204411.870	     2.308	0	228	0	0	/home/wistaria/build/exact/ising/free_energy/square_finite 64 2.5974025974025974
533	:	1671204411.939	     2.334	0	228	0	0	/home/wistaria/build/exact/ising/free_energy/square_finite 64 2.564102564102564
534	:	1671204412.020	     2.306	0	228	0	0	/home/wistaria/build/exact/ising/free_energy/square_finite 64 2.531645569620253
535	:	1671204412.089	     2.309	0	228	0	0	/home/wistaria/build/exact/ising/free_energy/square_finite 64 2.5
536	:	1671204412.150	     2.314	0	228	0	0	/home/wistaria/build/exact/ising/free_energy/square_finite 64 2.4691358024691357
537	:	1671204412.222	     2.309	0	228	0	0	/home/wistaria/build/exact/ising/free_energy/square_finite 64 2.4390243902439024
538	:	1671204412.310	     2.292	0	228	0	0	/home/wistaria/build/exact/ising/free_energy/square_finite 64 2.4096385542168677
539	:	1671204412.387	     2.276	0	228	0	0	/home/wistaria/build/exact/ising/free_energy/square_finite 64 2.380952380952381
540	:	1671204412.468	     2.261	0	228	0	0	/home/wistaria/build/exact/ising/free_energy/square_finite 64 2.3529411764705883
541	:	1671204412.529	     2.283	0	228	0	0	/home/wistaria/build/exact/ising/free_energy/square_finite 64 2.3255813953488373
542	:	1671204412.603	     2.282	0	228	0	0	/home/wistaria/build/exact/ising/free_energy/square_finite 64 2.2988505747126435
543	:	1671204412.681	     2.311	0	228	0	0	/home/wistaria/build/exact/ising/free_energy/square_finite 64 2.272727272727273
544	:	1671204412.753	     2.308	0	228	0	0	/home/wistaria/build/exact/ising/free_energy/square_finite 64 2.247191011235955
545	:	1671204412.831	     2.316	0	228	0	0	/home/wistaria/build/exact/ising/free_energy/square_finite 64 2.2222222222222223
546	:	1671204412.895	     2.319	0	228	0	0	/home/wistaria/build/exact/ising/free_energy/square_finite 64 2.1978021978021975
547	:	1671204412.950	     2.336	0	228	0	0	/home/wistaria/build/exact/ising/free_energy/square_finite 64 2.1739130434782608
548	:	1671204413.019	     2.353	0	228	0	0	/home/wistaria/build/exact/ising/free_energy/square_finite 64 2.150537634408602
549	:	1671204413.091	     2.348	0	228	0	0	/home/wistaria/build/exact/ising/free_energy/square_finite 64 2.127659574468085
550	:	1671204413.160	     2.347	0	228	0	0	/home/wistaria/build/exact/ising/free_energy/square_finite 64 2.1052631578947367
551	:	1671204413.232	     2.340	0	228	0	0	/home/wistaria/build/exact/ising/free_energy/square_finite 64 2.0833333333333335
552	:	1671204413.307	     2.334	0	228	0	0	/home/wistaria/build/exact/ising/free_energy/square_finite 64 2.061855670103093
553	:	1671204413.369	     2.350	0	228	0	0	/home/wistaria/build/exact/ising/free_energy/square_finite 64 2.0408163265306123
554	:	1671204413.459	     2.329	0	228	0	0	/home/wistaria/build/exact/ising/free_energy/square_finite 64 2.0202020202020203
555	:	1671204413.525	     2.348	0	228	0	0	/home/wistaria/build/exact/ising/free_energy/square_finite 64 2.0
556	:	1671204413.598	     2.353	0	228	0	0	/home/wistaria/build/exact/ising/free_energy/square_finite 64 1.9801980198019802
557	:	1671204413.665	     2.358	0	228	0	0	/home/wistaria/build/exact/ising/free_energy/square_finite 64 1.9607843137254901
558	:	1671204413.753	     2.345	0	228	0	0	/home/wistaria/build/exact/ising/free_energy/square_finite 64 1.941747572815534
559	:	1671204413.867	     2.303	0	228	0	0	/home/wistaria/build/exact/ising/free_energy/square_finite 64 1.923076923076923
560	:	1671204413.951	     2.288	0	228	0	0	/home/wistaria/build/exact/ising/free_energy/square_finite 64 1.9047619047619047
561	:	1671204414.041	     2.268	0	228	0	0	/home/wistaria/build/exact/ising/free_energy/square_finite 64 1.8867924528301885
562	:	1671204414.111	     2.266	0	228	0	0	/home/wistaria/build/exact/ising/free_energy/square_finite 64 1.8691588785046729
563	:	1671204414.177	     2.282	0	228	0	0	/home/wistaria/build/exact/ising/free_energy/square_finite 64 1.8518518518518516
564	:	1671204414.272	     2.271	0	228	0	0	/home/wistaria/build/exact/ising/free_energy/square_finite 64 1.8348623853211008
565	:	1671204414.327	     2.294	0	228	0	0	/home/wistaria/build/exact/ising/free_energy/square_finite 64 1.8181818181818181
566	:	1671204414.399	     2.307	0	228	0	0	/home/wistaria/build/exact/ising/free_energy/square_finite 64 1.8018018018018016
567	:	1671204414.464	     2.314	0	228	0	0	/home/wistaria/build/exact/ising/free_energy/square_finite 64 1.7857142857142856
568	:	1671204414.531	     2.328	0	228	0	0	/home/wistaria/build/exact/ising/free_energy/square_finite 64 1.7699115044247788
569	:	1671204414.602	     2.331	0	228	0	0	/home/wistaria/build/exact/ising/free_energy/square_finite 64 1.7543859649122808
570	:	1671204414.662	     2.344	0	228	0	0	/home/wistaria/build/exact/ising/free_energy/square_finite 64 1.7391304347826089
571	:	1671204414.729	     2.355	0	228	0	0	/home/wistaria/build/exact/ising/free_energy/square_finite 64 1.7241379310344829
572	:	1671204414.813	     2.360	0	228	0	0	/home/wistaria/build/exact/ising/free_energy/square_finite 64 1.7094017094017095
573	:	1671204414.886	     2.371	0	228	0	0	/home/wistaria/build/exact/ising/free_energy/square_finite 64 1.6949152542372883
574	:	1671204414.992	     2.335	0	228	0	0	/home/wistaria/build/exact/ising/free_energy/square_finite 64 1.680672268907563
575	:	1671204415.060	     2.343	0	228	0	0	/home/wistaria/build/exact/ising/free_energy/square_finite 64 1.6666666666666667
576	:	1671204415.147	     2.330	0	228	0	0	/home/wistaria/build/exact/ising/free_energy/square_finite 64 1.6528925619834711
577	:	1671204415.213	     2.349	0	228	0	0	/home/wistaria/build/exact/ising/free_energy/square_finite 64 1.639344262295082
578	:	1671204415.287	     2.354	0	228	0	0	/home/wistaria/build/exact/ising/free_energy/square_finite 64 1.6260162601626016
579	:	1671204415.373	     2.337	0	228	0	0	/home/wistaria/build/exact/ising/free_energy/square_finite 64 1.6129032258064517
580	:	1671204415.439	     2.343	0	228	0	0	/home/wistaria/build/exact/ising/free_energy/square_finite 64 1.6
581	:	1671204415.507	     2.361	0	228	0	0	/home/wistaria/build/exact/ising/free_energy/square_finite 64 1.5873015873015872
582	:	1671204415.573	     2.361	0	228	0	0	/home/wistaria/build/exact/ising/free_energy/square_finite 64 1.574803149606299
583	:	1671204415.640	     2.382	0	228	0	0	/home/wistaria/build/exact/ising/free_energy/square_finite 64 1.5625
584	:	1671204415.719	     2.367	0	228	0	0	/home/wistaria/build/exact/ising/free_energy/square_finite 64 1.5503875968992247
585	:	1671204415.788	     2.360	0	228	0	0	/home/wistaria/build/exact/ising/free_energy/square_finite 64 1.5384615384615383
586	:	1671204415.873	     2.348	0	228	0	0	/home/wistaria/build/exact/ising/free_energy/square_finite 64 1.5267175572519083
587	:	1671204415.951	     2.335	0	228	0	0	/home/wistaria/build/exact/ising/free_energy/square_finite 64 1.5151515151515151
588	:	1671204416.023	     2.342	0	228	0	0	/home/wistaria/build/exact/ising/free_energy/square_finite 64 1.5037593984962405
589	:	1671204416.099	     2.510	0	228	0	0	/home/wistaria/build/exact/ising/free_energy/square_finite 64 1.4925373134328357
590	:	1671204416.171	     2.529	0	228	0	0	/home/wistaria/build/exact/ising/free_energy/square_finite 64 1.4814814814814814
591	:	1671204416.238	     2.532	0	228	0	0	/home/wistaria/build/exact/ising/free_energy/square_finite 64 1.4705882352941175
592	:	1671204416.309	     2.543	0	228	0	0	/home/wistaria/build/exact/ising/free_energy/square_finite 64 1.4598540145985401
593	:	1671204416.377	     2.536	0	228	0	0	/home/wistaria/build/exact/ising/free_energy/square_finite 64 1.4492753623188408
594	:	1671204416.458	     2.528	0	228	0	0	/home/wistaria/build/exact/ising/free_energy/square_finite 64 1.4388489208633095
595	:	1671204416.544	     2.512	0	228	0	0	/home/wistaria/build/exact/ising/free_energy/square_finite 64 1.4285714285714286
596	:	1671204416.620	     2.508	0	228	0	0	/home/wistaria/build/exact/ising/free_energy/square_finite 64 1.4184397163120568
597	:	1671204416.705	     2.495	0	228	0	0	/home/wistaria/build/exact/ising/free_energy/square_finite 64 1.4084507042253522
598	:	1671204416.777	     2.495	0	228	0	0	/home/wistaria/build/exact/ising/free_energy/square_finite 64 1.3986013986013988
599	:	1671204416.859	     2.496	0	228	0	0	/home/wistaria/build/exact/ising/free_energy/square_finite 64 1.3888888888888888
600	:	1671204416.933	     2.501	0	228	0	0	/home/wistaria/build/exact/ising/free_energy/square_finite 64 1.3793103448275863
601	:	1671204417.006	     2.487	0	228	0	0	/home/wistaria/build/exact/ising/free_energy/square_finite 64 1.36986301369863
602	:	1671204417.084	     2.486	0	228	0	0	/home/wistaria/build/exact/ising/free_energy/square_finite 64 1.3605442176870748
603	:	1671204417.172	     2.472	0	228	0	0	/home/wistaria/build/exact/ising/free_energy/square_finite 64 1.3513513513513513
604	:	1671204417.256	     2.470	0	228	0	0	/home/wistaria/build/exact/ising/free_energy/square_finite 64 1.342281879194631
605	:	1671204417.328	     2.473	0	228	0	0	/home/wistaria/build/exact/ising/free_energy/square_finite 64 1.3333333333333333
606	:	1671204417.403	     2.462	0	228	0	0	/home/wistaria/build/exact/ising/free_energy/square_finite 64 1.3245033112582782
607	:	1671204417.477	     2.461	0	228	0	0	/home/wistaria/build/exact/ising/free_energy/square_finite 64 1.3157894736842106
608	:	1671204417.562	     2.454	0	228	0	0	/home/wistaria/build/exact/ising/free_energy/square_finite 64 1.3071895424836601
609	:	1671204417.640	     2.459	0	228	0	0	/home/wistaria/build/exact/ising/free_energy/square_finite 64 1.2987012987012987
610	:	1671204417.709	     2.467	0	228	0	0	/home/wistaria/build/exact/ising/free_energy/square_finite 64 1.2903225806451613
611	:	1671204417.781	     2.468	0	228	0	0	/home/wistaria/build/exact/ising/free_energy/square_finite 64 1.282051282051282
612	:	1671204417.868	     2.457	0	228	0	0	/home/wistaria/build/exact/ising/free_energy/square_finite 64 1.2738853503184713
613	:	1671204417.934	     2.476	0	228	0	0	/home/wistaria/build/exact/ising/free_energy/square_finite 64 1.2658227848101264
614	:	1671204418.022	     2.472	0	228	0	0	/home/wistaria/build/exact/ising/free_energy/square_finite 64 1.2578616352201257
615	:	1671204418.086	     2.489	0	228	0	0	/home/wistaria/build/exact/ising/free_energy/square_finite 64 1.25
616	:	1671204418.148	     2.492	0	228	0	0	/home/wistaria/build/exact/ising/free_energy/square_finite 64 1.2422360248447204
617	:	1671204418.221	     2.488	0	228	0	0	/home/wistaria/build/exact/ising/free_energy/square_finite 64 1.2345679012345678
618	:	1671204418.285	     2.483	0	228	0	0	/home/wistaria/build/exact/ising/free_energy/square_finite 64 1.2269938650306749
619	:	1671204418.364	     2.465	0	228	0	0	/home/wistaria/build/exact/ising/free_energy/square_finite 64 1.2195121951219512
620	:	1671204418.609	     2.299	0	228	0	0	/home/wistaria/build/exact/ising/free_energy/square_finite 64 1.2121212121212122
621	:	1671204418.699	     2.287	0	228	0	0	/home/wistaria/build/exact/ising/free_energy/square_finite 64 1.2048192771084338
622	:	1671204418.770	     2.302	0	228	0	0	/home/wistaria/build/exact/ising/free_energy/square_finite 64 1.1976047904191618
623	:	1671204418.852	     2.289	0	228	0	0	/home/wistaria/build/exact/ising/free_energy/square_finite 64 1.1904761904761905
624	:	1671204418.914	     2.292	0	228	0	0	/home/wistaria/build/exact/ising/free_energy/square_finite 64 1.183431952662722
625	:	1671204418.986	     2.235	0	228	0	0	/home/wistaria/build/exact/ising/free_energy/square_finite 64 1.1764705882352942
626	:	1671204419.056	     2.167	0	228	0	0	/home/wistaria/build/exact/ising/free_energy/square_finite 64 1.1695906432748537
627	:	1671204419.127	     2.097	0	228	0	0	/home/wistaria/build/exact/ising/free_energy/square_finite 64 1.1627906976744187
628	:	1671204419.199	     2.027	0	228	0	0	/home/wistaria/build/exact/ising/free_energy/square_finite 64 1.1560693641618498
629	:	1671204419.271	     1.956	0	228	0	0	/home/wistaria/build/exact/ising/free_energy/square_finite 64 1.1494252873563218
630	:	1671204419.355	     1.872	0	228	0	0	/home/wistaria/build/exact/ising/free_energy/square_finite 64 1.1428571428571428
631	:	1671204419.435	     1.794	0	228	0	0	/home/wistaria/build/exact/ising/free_energy/square_finite 64 1.1363636363636365
632	:	1671204419.493	     1.736	0	228	0	0	/home/wistaria/build/exact/ising/free_energy/square_finite 64 1.1299435028248588
633	:	1671204419.570	     1.661	0	228	0	0	/home/wistaria/build/exact/ising/free_energy/square_finite 64 1.1235955056179776
634	:	1671204419.643	     1.589	0	228	0	0	/home/wistaria/build/exact/ising/free_energy/square_finite 64 1.1173184357541899
635	:	1671204419.726	     1.506	0	228	0	0	/home/wistaria/build/exact/ising/free_energy/square_finite 64 1.1111111111111112
636	:	1671204419.800	     1.434	0	228	0	0	/home/wistaria/build/exact/ising/free_energy/square_finite 64 1.1049723756906078
637	:	1671204419.865	     1.369	0	228	0	0	/home/wistaria/build/exact/ising/free_energy/square_finite 64 1.0989010989010988
638	:	1671204419.938	     1.298	0	228	0	0	/home/wistaria/build/exact/ising/free_energy/square_finite 64 1.0928961748633879
639	:	1671204420.016	     1.220	0	228	0	0	/home/wistaria/build/exact/ising/free_energy/square_finite 64 1.0869565217391304
640	:	1671204420.099	     1.140	0	228	0	0	/home/wistaria/build/exact/ising/free_energy/square_finite 64 1.081081081081081
641	:	1671204420.176	     1.063	0	228	0	0	/home/wistaria/build/exact/ising/free_energy/square_finite 64 1.075268817204301
642	:	1671204420.249	     0.991	0	228	0	0	/home/wistaria/build/exact/ising/free_energy/square_finite 64 1.06951871657754
643	:	1671204420.324	     0.918	0	228	0	0	/home/wistaria/build/exact/ising/free_energy/square_finite 64 1.0638297872340425
644	:	1671204420.411	     0.832	0	228	0	0	/home/wistaria/build/exact/ising/free_energy/square_finite 64 1.0582010582010584
645	:	1671204420.494	     0.750	0	228	0	0	/home/wistaria/build/exact/ising/free_energy/square_finite 64 1.0526315789473684
646	:	1671204420.575	     0.671	0	228	0	0	/home/wistaria/build/exact/ising/free_energy/square_finite 64 1.0471204188481675
647	:	1671204420.640	     0.606	0	228	0	0	/home/wistaria/build/exact/ising/free_energy/square_finite 64 1.0416666666666667
648	:	1671204420.709	     0.538	0	228	0	0	/home/wistaria/build/exact/ising/free_energy/square_finite 64 1.0362694300518136
649	:	1671204420.768	     0.481	0	228	0	0	/home/wistaria/build/exact/ising/free_energy/square_finite 64 1.0309278350515465
650	:	1671204420.830	     0.420	0	228	0	0	/home/wistaria/build/exact/ising/free_energy/square_finite 64 1.0256410256410258
651	:	1671204420.907	     0.343	0	228	0	0	/home/wistaria/build/exact/ising/free_energy/square_finite 64 1.0204081632653061
652	:	1671204420.985	     0.267	0	228	0	0	/home/wistaria/build/exact/ising/free_energy/square_finite 64 1.015228426395939
653	:	1671204421.071	     0.181	0	228	0	0	/home/wistaria/build/exact/ising/free_energy/square_finite 64 1.0101010101010102
654	:	1671204421.141	     0.112	0	228	0	0	/home/wistaria/build/exact/ising/free_energy/square_finite 64 1.0050251256281406
655	:	1671204421.206	     0.049	0	228	0	0	/home/wistaria/build/exact/ising/free_energy/square_finite 64 1.0
